<?xml version="1.0" encoding="UTF-8" ?>
<testsuite failures="0" time="0.048" errors="0" skipped="0" tests="3" name="com.enterprise.crm.common.QueryParametersTest">
  <properties>
[...]
</properties>
  <testcase time="0.007" classname="com.enterprise.crm.common.QueryParametersTest" name="testAnd"/>
  <testcase time="0" classname="com.enterprise.crm.common.QueryParametersTest" name="testEntries"/>
  <testcase time="0" classname="com.enterprise.crm.common.QueryParametersTest" name="testWithParameters"/>
</testsuite>